[05-Jul-2025 07:06:35 Europe/Berlin] PHP Warning:  mail(): Failed to connect to mailserver at &quot;localhost&quot; port 25, verify your &quot;SMTP&quot; and &quot;smtp_port&quot; setting in php.ini or use ini_set() in D:\xamp\htdocs\denr\superadmin\reset_password_process.php on line 36
[05-Jul-2025 07:07:30 Europe/Berlin] PHP Warning:  mail(): Failed to connect to mailserver at &quot;localhost&quot; port 25, verify your &quot;SMTP&quot; and &quot;smtp_port&quot; setting in php.ini or use ini_set() in D:\xamp\htdocs\denr\superadmin\reset_password_process.php on line 36
[05-Jul-2025 07:07:38 Europe/Berlin] PHP Warning:  mail(): Failed to connect to mailserver at &quot;localhost&quot; port 25, verify your &quot;SMTP&quot; and &quot;smtp_port&quot; setting in php.ini or use ini_set() in D:\xamp\htdocs\denr\superadmin\reset_password_process.php on line 36
[05-Jul-2025 07:08:05 Europe/Berlin] PHP Warning:  mail(): Failed to connect to mailserver at &quot;localhost&quot; port 25, verify your &quot;SMTP&quot; and &quot;smtp_port&quot; setting in php.ini or use ini_set() in D:\xamp\htdocs\denr\superadmin\reset_password_process.php on line 36
[05-Jul-2025 07:11:21 Europe/Berlin] Mailer Error: SMTP Error: Could not authenticate.
[05-Jul-2025 07:11:39 Europe/Berlin] Mailer Error: SMTP Error: Could not authenticate.
[19-Nov-2025 03:21:23 Europe/Berlin] PHP Warning:  Undefined variable $conn in D:\xamp\htdocs\denr\superadmin\reset_password_process.php on line 19
[19-Nov-2025 03:21:23 Europe/Berlin] PHP Fatal error:  Uncaught Error: Call to a member function prepare() on null in D:\xamp\htdocs\denr\superadmin\reset_password_process.php:19
Stack trace:
#0 {main}
  thrown in D:\xamp\htdocs\denr\superadmin\reset_password_process.php on line 19
[19-Nov-2025 11:18:56 Europe/Berlin] PHP Warning:  Undefined variable $conn in C:\xampp\htdocs\denr\superadmin\reset_password_process.php on line 19
[19-Nov-2025 11:18:56 Europe/Berlin] PHP Fatal error:  Uncaught Error: Call to a member function prepare() on null in C:\xampp\htdocs\denr\superadmin\reset_password_process.php:19
Stack trace:
#0 {main}
  thrown in C:\xampp\htdocs\denr\superadmin\reset_password_process.php on line 19
[20-Nov-2025 19:00:41 Europe/Berlin] PHP Warning:  Undefined variable $conn in C:\xampp\htdocs\denr\superadmin\reset_password_process.php on line 19
[20-Nov-2025 19:00:41 Europe/Berlin] PHP Fatal error:  Uncaught Error: Call to a member function prepare() on null in C:\xampp\htdocs\denr\superadmin\reset_password_process.php:19
Stack trace:
#0 {main}
  thrown in C:\xampp\htdocs\denr\superadmin\reset_password_process.php on line 19
[20-Nov-2025 19:05:03 Europe/Berlin] PHP Warning:  Undefined variable $conn in C:\xampp\htdocs\denr\superadmin\reset_password_process.php on line 19
[20-Nov-2025 19:05:03 Europe/Berlin] PHP Fatal error:  Uncaught Error: Call to a member function prepare() on null in C:\xampp\htdocs\denr\superadmin\reset_password_process.php:19
Stack trace:
#0 {main}
  thrown in C:\xampp\htdocs\denr\superadmin\reset_password_process.php on line 19
